This is XeTeX, Version 3.141592653-2.6-0.999995 (MiKTeX 24.1) (preloaded format=xelatex 2026.1.13)  14 JAN 2026 17:11
entering extended mode
 restricted \write18 enabled.
 %&-line parsing enabled.
**./real_report.tex
(real_report.tex
LaTeX2e <2023-11-01> patch level 1
L3 programming layer <2024-01-04>

(C:\Users\84845.DESKTOP-6UDUU1B\AppData\Local\Programs\MiKTeX\tex/latex/base\re
port.cls
Document Class: report 2023/05/17 v1.4n Standard LaTeX document class

(C:\Users\84845.DESKTOP-6UDUU1B\AppData\Local\Programs\MiKTeX\tex/latex/base\si
ze12.clo
File: size12.clo 2023/05/17 v1.4n Standard LaTeX file (size option)
)
\c@part=\count183
\c@chapter=\count184
\c@section=\count185
\c@subsection=\count186
\c@subsubsection=\count187
\c@paragraph=\count188
\c@subparagraph=\count189
\c@figure=\count190
\c@table=\count191
\abovecaptionskip=\skip48
\belowcaptionskip=\skip49
\bibindent=\dimen140
)
(C:\Users\84845.DESKTOP-6UDUU1B\AppData\Local\Programs\MiKTeX\tex/latex/fontspe
c\fontspec.sty
(C:\Users\84845.DESKTOP-6UDUU1B\AppData\Local\Programs\MiKTeX\tex/latex/l3packa
ges/xparse\xparse.sty
(C:\Users\84845.DESKTOP-6UDUU1B\AppData\Local\Programs\MiKTeX\tex/latex/l3kerne
l\expl3.sty
Package: expl3 2024-01-04 L3 programming layer (loader) 

(C:\Users\84845.DESKTOP-6UDUU1B\AppData\Local\Programs\MiKTeX\tex/latex/l3backe
nd\l3backend-xetex.def
File: l3backend-xetex.def 2024-01-04 L3 backend support: XeTeX
\g__graphics_track_int=\count192
\l__pdf_internal_box=\box51
\g__pdf_backend_object_int=\count193
\g__pdf_backend_annotation_int=\count194
\g__pdf_backend_link_int=\count195
))
Package: xparse 2023-10-10 L3 Experimental document command parser
)
Package: fontspec 2022/01/15 v2.8a Font selection for XeLaTeX and LuaLaTeX

(C:\Users\84845.DESKTOP-6UDUU1B\AppData\Local\Programs\MiKTeX\tex/latex/fontspe
c\fontspec-xetex.sty
Package: fontspec-xetex 2022/01/15 v2.8a Font selection for XeLaTeX and LuaLaTe
X
\l__fontspec_script_int=\count196
\l__fontspec_language_int=\count197
\l__fontspec_strnum_int=\count198
\l__fontspec_tmp_int=\count199
\l__fontspec_tmpa_int=\count266
\l__fontspec_tmpb_int=\count267
\l__fontspec_tmpc_int=\count268
\l__fontspec_em_int=\count269
\l__fontspec_emdef_int=\count270
\l__fontspec_strong_int=\count271
\l__fontspec_strongdef_int=\count272
\l__fontspec_tmpa_dim=\dimen141
\l__fontspec_tmpb_dim=\dimen142
\l__fontspec_tmpc_dim=\dimen143

(C:\Users\84845.DESKTOP-6UDUU1B\AppData\Local\Programs\MiKTeX\tex/latex/base\fo
ntenc.sty
Package: fontenc 2021/04/29 v2.0v Standard LaTeX package
)
(C:\Users\84845.DESKTOP-6UDUU1B\AppData\Local\Programs\MiKTeX\tex/latex/fontspe
c\fontspec.cfg)))
(C:\Users\84845.DESKTOP-6UDUU1B\AppData\Local\Programs\MiKTeX\tex/generic/babel
\babel.sty
Package: babel 2024/01/07 v24.1 The Babel package
\babel@savecnt=\count273
\U@D=\dimen144
\l@unhyphenated=\language79

(C:\Users\84845.DESKTOP-6UDUU1B\AppData\Local\Programs\MiKTeX\tex/generic/babel
\xebabel.def)
\bbl@readstream=\read2
\bbl@dirlevel=\count274

*************************************
* Local config file bblopts.cfg used
*

(C:\Users\84845.DESKTOP-6UDUU1B\AppData\Local\Programs\MiKTeX\tex/latex/arabi\b
blopts.cfg
File: bblopts.cfg 2005/09/08 v0.1 add Arabic and Farsi to "declared" options of
 babel
)
(C:\Users\84845.DESKTOP-6UDUU1B\AppData\Local\Programs\MiKTeX\tex/latex/babel-v
ietnamese\vietnamese.ldf
Language: vietnamese 


Package babel Warning: No hyphenation patterns were preloaded for
(babel)                the language 'Vietnamese' into the format.
(babel)                Please, configure your TeX system to add them and
(babel)                rebuild the format. Now I will use the patterns
(babel)                preloaded for \language=0 instead on input line 36.

Package babel Info: Hyphen rules for 'vietnamese' set to \l@english
(babel)             (\language0). Reported on input line 37.
Package babel Info: Hyphen rules for 'vietnam' set to \l@english
(babel)             (\language0). Reported on input line 38.
Package babel Info: Making " an active character on input line 147.
))
(C:\Users\84845.DESKTOP-6UDUU1B\AppData\Local\Programs\MiKTeX\tex/generic/babel
/locale/vi\babel-vietnamese.tex
Package babel Info: Importing font and identification data for vietnamese
(babel)             from babel-vi.ini. Reported on input line 11.
)

Package fontspec Info: Font family 'TimesNewRoman(0)' created for font 'Times
(fontspec)             New Roman' with options [Ligatures=TeX].
(fontspec)              
(fontspec)              This font family consists of the following NFSS
(fontspec)             series/shapes:
(fontspec)              
(fontspec)             - 'normal' (m/n) with NFSS spec.: <->"Times New
(fontspec)             Roman/OT:script=latn;language=dflt;mapping=tex-text;"
(fontspec)             - 'small caps'  (m/sc) with NFSS spec.: <->"Times New
(fontspec)             Roman/OT:script=latn;language=dflt;+smcp;mapping=tex-tex
t;"
(fontspec)             - 'bold' (b/n) with NFSS spec.: <->"Times New
(fontspec)             Roman/B/OT:script=latn;language=dflt;mapping=tex-text;"
(fontspec)             - 'bold small caps'  (b/sc) with NFSS spec.: <->"Times
(fontspec)             New
(fontspec)             Roman/B/OT:script=latn;language=dflt;+smcp;mapping=tex-t
ext;"
(fontspec)             - 'italic' (m/it) with NFSS spec.: <->"Times New
(fontspec)             Roman/I/OT:script=latn;language=dflt;mapping=tex-text;"
(fontspec)             - 'italic small caps'  (m/scit) with NFSS spec.:
(fontspec)             <->"Times New
(fontspec)             Roman/I/OT:script=latn;language=dflt;+smcp;mapping=tex-t
ext;"
(fontspec)             - 'bold italic' (b/it) with NFSS spec.: <->"Times New
(fontspec)             Roman/BI/OT:script=latn;language=dflt;mapping=tex-text;"

(fontspec)             - 'bold italic small caps'  (b/scit) with NFSS spec.:
(fontspec)             <->"Times New
(fontspec)             Roman/BI/OT:script=latn;language=dflt;+smcp;mapping=tex-
text;"


(C:\Users\84845.DESKTOP-6UDUU1B\AppData\Local\Programs\MiKTeX\tex/latex/amsmath
\amsmath.sty
Package: amsmath 2023/05/13 v2.17o AMS math features
\@mathmargin=\skip50

For additional information on amsmath, use the `?' option.

(C:\Users\84845.DESKTOP-6UDUU1B\AppData\Local\Programs\MiKTeX\tex/latex/amsmath
\amstext.sty
Package: amstext 2021/08/26 v2.01 AMS text

(C:\Users\84845.DESKTOP-6UDUU1B\AppData\Local\Programs\MiKTeX\tex/latex/amsmath
\amsgen.sty
File: amsgen.sty 1999/11/30 v2.0 generic functions
\@emptytoks=\toks17
\ex@=\dimen145
))
(C:\Users\84845.DESKTOP-6UDUU1B\AppData\Local\Programs\MiKTeX\tex/latex/amsmath
\amsbsy.sty
Package: amsbsy 1999/11/29 v1.2d Bold Symbols
\pmbraise@=\dimen146
)
(C:\Users\84845.DESKTOP-6UDUU1B\AppData\Local\Programs\MiKTeX\tex/latex/amsmath
\amsopn.sty
Package: amsopn 2022/04/08 v2.04 operator names
)
\inf@bad=\count275
LaTeX Info: Redefining \frac on input line 234.
\uproot@=\count276
\leftroot@=\count277
LaTeX Info: Redefining \overline on input line 399.
LaTeX Info: Redefining \colon on input line 410.
\classnum@=\count278
\DOTSCASE@=\count279
LaTeX Info: Redefining \ldots on input line 496.
LaTeX Info: Redefining \dots on input line 499.
LaTeX Info: Redefining \cdots on input line 620.
\Mathstrutbox@=\box52
\strutbox@=\box53
LaTeX Info: Redefining \big on input line 722.
LaTeX Info: Redefining \Big on input line 723.
LaTeX Info: Redefining \bigg on input line 724.
LaTeX Info: Redefining \Bigg on input line 725.
\big@size=\dimen147
LaTeX Font Info:    Redeclaring font encoding OML on input line 743.
LaTeX Font Info:    Redeclaring font encoding OMS on input line 744.
\macc@depth=\count280
LaTeX Info: Redefining \bmod on input line 905.
LaTeX Info: Redefining \pmod on input line 910.
LaTeX Info: Redefining \smash on input line 940.
LaTeX Info: Redefining \relbar on input line 970.
LaTeX Info: Redefining \Relbar on input line 971.
\c@MaxMatrixCols=\count281
\dotsspace@=\muskip16
\c@parentequation=\count282
\dspbrk@lvl=\count283
\tag@help=\toks18
\row@=\count284
\column@=\count285
\maxfields@=\count286
\andhelp@=\toks19
\eqnshift@=\dimen148
\alignsep@=\dimen149
\tagshift@=\dimen150
\tagwidth@=\dimen151
\totwidth@=\dimen152
\lineht@=\dimen153
\@envbody=\toks20
\multlinegap=\skip51
\multlinetaggap=\skip52
\mathdisplay@stack=\toks21
LaTeX Info: Redefining \[ on input line 2953.
LaTeX Info: Redefining \] on input line 2954.
)
(C:\Users\84845.DESKTOP-6UDUU1B\AppData\Local\Programs\MiKTeX\tex/latex/amsfont
s\amsfonts.sty
Package: amsfonts 2013/01/14 v3.01 Basic AMSFonts support
\symAMSa=\mathgroup4
\symAMSb=\mathgroup5
LaTeX Font Info:    Redeclaring math symbol \hbar on input line 98.
LaTeX Font Info:    Overwriting math alphabet `\mathfrak' in version `bold'
(Font)                  U/euf/m/n --> U/euf/b/n on input line 106.
)
(C:\Users\84845.DESKTOP-6UDUU1B\AppData\Local\Programs\MiKTeX\tex/latex/amsfont
s\amssymb.sty
Package: amssymb 2013/01/14 v3.01 AMS font symbols
)
(C:\Users\84845.DESKTOP-6UDUU1B\AppData\Local\Programs\MiKTeX\tex/latex/graphic
s\graphicx.sty
Package: graphicx 2021/09/16 v1.2d Enhanced LaTeX Graphics (DPC,SPQR)

(C:\Users\84845.DESKTOP-6UDUU1B\AppData\Local\Programs\MiKTeX\tex/latex/graphic
s\keyval.sty
Package: keyval 2022/05/29 v1.15 key=value parser (DPC)
\KV@toks@=\toks22
)
(C:\Users\84845.DESKTOP-6UDUU1B\AppData\Local\Programs\MiKTeX\tex/latex/graphic
s\graphics.sty
Package: graphics 2022/03/10 v1.4e Standard LaTeX Graphics (DPC,SPQR)

(C:\Users\84845.DESKTOP-6UDUU1B\AppData\Local\Programs\MiKTeX\tex/latex/graphic
s\trig.sty
Package: trig 2021/08/11 v1.11 sin cos tan (DPC)
)
(C:\Users\84845.DESKTOP-6UDUU1B\AppData\Local\Programs\MiKTeX\tex/latex/graphic
s-cfg\graphics.cfg
File: graphics.cfg 2016/06/04 v1.11 sample graphics configuration
)
Package graphics Info: Driver file: xetex.def on input line 107.

(C:\Users\84845.DESKTOP-6UDUU1B\AppData\Local\Programs\MiKTeX\tex/latex/graphic
s-def\xetex.def
File: xetex.def 2022/09/22 v5.0n Graphics/color driver for xetex
))
\Gin@req@height=\dimen154
\Gin@req@width=\dimen155
)
(C:\Users\84845.DESKTOP-6UDUU1B\AppData\Local\Programs\MiKTeX\tex/latex/hyperre
f\hyperref.sty
Package: hyperref 2023-11-26 v7.01g Hypertext links for LaTeX

(C:\Users\84845.DESKTOP-6UDUU1B\AppData\Local\Programs\MiKTeX\tex/generic/iftex
\iftex.sty
Package: iftex 2022/02/03 v1.0f TeX engine tests
)
(C:\Users\84845.DESKTOP-6UDUU1B\AppData\Local\Programs\MiKTeX\tex/generic/infwa
rerr\infwarerr.sty
Package: infwarerr 2019/12/03 v1.5 Providing info/warning/error messages (HO)
)
(C:\Users\84845.DESKTOP-6UDUU1B\AppData\Local\Programs\MiKTeX\tex/latex/kvsetke
ys\kvsetkeys.sty
Package: kvsetkeys 2022-10-05 v1.19 Key value parser (HO)
)
(C:\Users\84845.DESKTOP-6UDUU1B\AppData\Local\Programs\MiKTeX\tex/generic/kvdef
inekeys\kvdefinekeys.sty
Package: kvdefinekeys 2019-12-19 v1.6 Define keys (HO)
)
(C:\Users\84845.DESKTOP-6UDUU1B\AppData\Local\Programs\MiKTeX\tex/generic/pdfes
cape\pdfescape.sty
Package: pdfescape 2019/12/09 v1.15 Implements pdfTeX's escape features (HO)

(C:\Users\84845.DESKTOP-6UDUU1B\AppData\Local\Programs\MiKTeX\tex/generic/ltxcm
ds\ltxcmds.sty
Package: ltxcmds 2023-12-04 v1.26 LaTeX kernel commands for general use (HO)
)
(C:\Users\84845.DESKTOP-6UDUU1B\AppData\Local\Programs\MiKTeX\tex/generic/pdfte
xcmds\pdftexcmds.sty
Package: pdftexcmds 2020-06-27 v0.33 Utility functions of pdfTeX for LuaTeX (HO
)
Package pdftexcmds Info: \pdf@primitive is available.
Package pdftexcmds Info: \pdf@ifprimitive is available.
Package pdftexcmds Info: \pdfdraftmode not found.
))
(C:\Users\84845.DESKTOP-6UDUU1B\AppData\Local\Programs\MiKTeX\tex/latex/hycolor
\hycolor.sty
Package: hycolor 2020-01-27 v1.10 Color options for hyperref/bookmark (HO)
)
(C:\Users\84845.DESKTOP-6UDUU1B\AppData\Local\Programs\MiKTeX\tex/latex/letltxm
acro\letltxmacro.sty
Package: letltxmacro 2019/12/03 v1.6 Let assignment for LaTeX macros (HO)
)
(C:\Users\84845.DESKTOP-6UDUU1B\AppData\Local\Programs\MiKTeX\tex/latex/auxhook
\auxhook.sty
Package: auxhook 2019-12-17 v1.6 Hooks for auxiliary files (HO)
)
(C:\Users\84845.DESKTOP-6UDUU1B\AppData\Local\Programs\MiKTeX\tex/latex/hyperre
f\nameref.sty
Package: nameref 2023-11-26 v2.56 Cross-referencing by name of section

(C:\Users\84845.DESKTOP-6UDUU1B\AppData\Local\Programs\MiKTeX\tex/latex/refcoun
t\refcount.sty
Package: refcount 2019/12/15 v3.6 Data extraction from label references (HO)
)
(C:\Users\84845.DESKTOP-6UDUU1B\AppData\Local\Programs\MiKTeX\tex/generic/getti
tlestring\gettitlestring.sty
Package: gettitlestring 2019/12/15 v1.6 Cleanup title references (HO)

(C:\Users\84845.DESKTOP-6UDUU1B\AppData\Local\Programs\MiKTeX\tex/latex/kvoptio
ns\kvoptions.sty
Package: kvoptions 2022-06-15 v3.15 Key value format for package options (HO)
))
\c@section@level=\count287
)
(C:\Users\84845.DESKTOP-6UDUU1B\AppData\Local\Programs\MiKTeX\tex/latex/etoolbo
x\etoolbox.sty
Package: etoolbox 2020/10/05 v2.5k e-TeX tools for LaTeX (JAW)
\etb@tempcnta=\count288
)
\@linkdim=\dimen156
\Hy@linkcounter=\count289
\Hy@pagecounter=\count290

(C:\Users\84845.DESKTOP-6UDUU1B\AppData\Local\Programs\MiKTeX\tex/latex/hyperre
f\pd1enc.def
File: pd1enc.def 2023-11-26 v7.01g Hyperref: PDFDocEncoding definition (HO)
)
(C:\Users\84845.DESKTOP-6UDUU1B\AppData\Local\Programs\MiKTeX\tex/generic/intca
lc\intcalc.sty
Package: intcalc 2019/12/15 v1.3 Expandable calculations with integers (HO)
)
\Hy@SavedSpaceFactor=\count291

(C:\Users\84845.DESKTOP-6UDUU1B\AppData\Local\Programs\MiKTeX\tex/latex/hyperre
f\puenc.def
File: puenc.def 2023-11-26 v7.01g Hyperref: PDF Unicode definition (HO)
)
Package hyperref Info: Hyper figures OFF on input line 4181.
Package hyperref Info: Link nesting OFF on input line 4186.
Package hyperref Info: Hyper index ON on input line 4189.
Package hyperref Info: Plain pages OFF on input line 4196.
Package hyperref Info: Backreferencing OFF on input line 4201.
Package hyperref Info: Implicit mode ON; LaTeX internals redefined.
Package hyperref Info: Bookmarks ON on input line 4448.
\c@Hy@tempcnt=\count292

(C:\Users\84845.DESKTOP-6UDUU1B\AppData\Local\Programs\MiKTeX\tex/latex/url\url
.sty
\Urlmuskip=\muskip17
Package: url 2013/09/16  ver 3.4  Verb mode for urls, etc.
)
LaTeX Info: Redefining \url on input line 4786.
\XeTeXLinkMargin=\dimen157

(C:\Users\84845.DESKTOP-6UDUU1B\AppData\Local\Programs\MiKTeX\tex/generic/bitse
t\bitset.sty
Package: bitset 2019/12/09 v1.3 Handle bit-vector datatype (HO)

(C:\Users\84845.DESKTOP-6UDUU1B\AppData\Local\Programs\MiKTeX\tex/generic/bigin
tcalc\bigintcalc.sty
Package: bigintcalc 2019/12/15 v1.5 Expandable calculations on big integers (HO
)
))
\Fld@menulength=\count293
\Field@Width=\dimen158
\Fld@charsize=\dimen159
Package hyperref Info: Hyper figures OFF on input line 6065.
Package hyperref Info: Link nesting OFF on input line 6070.
Package hyperref Info: Hyper index ON on input line 6073.
Package hyperref Info: backreferencing OFF on input line 6080.
Package hyperref Info: Link coloring OFF on input line 6085.
Package hyperref Info: Link coloring with OCG OFF on input line 6090.
Package hyperref Info: PDF/A mode OFF on input line 6095.

(C:\Users\84845.DESKTOP-6UDUU1B\AppData\Local\Programs\MiKTeX\tex/latex/base\at
begshi-ltx.sty
Package: atbegshi-ltx 2021/01/10 v1.0c Emulation of the original atbegshi
package with kernel methods
)
\Hy@abspage=\count294
\c@Item=\count295
\c@Hfootnote=\count296
)
Package hyperref Info: Driver (autodetected): hxetex.

(C:\Users\84845.DESKTOP-6UDUU1B\AppData\Local\Programs\MiKTeX\tex/latex/hyperre
f\hxetex.def
File: hxetex.def 2023-11-26 v7.01g Hyperref driver for XeTeX

(C:\Users\84845.DESKTOP-6UDUU1B\AppData\Local\Programs\MiKTeX\tex/generic/strin
genc\stringenc.sty
Package: stringenc 2019/11/29 v1.12 Convert strings between diff. encodings (HO
)
)
\pdfm@box=\box54
\c@Hy@AnnotLevel=\count297
\HyField@AnnotCount=\count298
\Fld@listcount=\count299
\c@bookmark@seq@number=\count300

(C:\Users\84845.DESKTOP-6UDUU1B\AppData\Local\Programs\MiKTeX\tex/latex/rerunfi
lecheck\rerunfilecheck.sty
Package: rerunfilecheck 2025-06-21 v1.11 Rerun checks for auxiliary files (HO)

(C:\Users\84845.DESKTOP-6UDUU1B\AppData\Local\Programs\MiKTeX\tex/generic/uniqu
ecounter\uniquecounter.sty
Package: uniquecounter 2019/12/15 v1.4 Provide unlimited unique counter (HO)
)
Package uniquecounter Info: New unique counter `rerunfilecheck' on input line 2
84.
)
\Hy@SectionHShift=\skip53
)
(C:\Users\84845.DESKTOP-6UDUU1B\AppData\Local\Programs\MiKTeX\tex/latex/enumite
m\enumitem.sty
Package: enumitem 2025/02/06 v3.11 Customized lists
\labelindent=\skip54
\enit@outerparindent=\dimen160
\enit@toks=\toks23
\enit@inbox=\box55
\enit@count@id=\count301
\enitdp@description=\count302
)
(C:\Users\84845.DESKTOP-6UDUU1B\AppData\Local\Programs\MiKTeX\tex/latex/tools\i
ndentfirst.sty
Package: indentfirst 2023/07/02 v1.03 Indent first paragraph (DPC)
)
(C:\Users\84845.DESKTOP-6UDUU1B\AppData\Local\Programs\MiKTeX\tex/latex/float\f
loat.sty
Package: float 2001/11/08 v1.3d Float enhancements (AL)
\c@float@type=\count303
\float@exts=\toks24
\float@box=\box56
\@float@everytoks=\toks25
\@floatcapt=\box57
)
(C:\Users\84845.DESKTOP-6UDUU1B\AppData\Local\Programs\MiKTeX\tex/latex/geometr
y\geometry.sty
Package: geometry 2020/01/02 v5.9 Page Geometry

(C:\Users\84845.DESKTOP-6UDUU1B\AppData\Local\Programs\MiKTeX\tex/generic/iftex
\ifvtex.sty
Package: ifvtex 2019/10/25 v1.7 ifvtex legacy package. Use iftex instead.
)
\Gm@cnth=\count304
\Gm@cntv=\count305
\c@Gm@tempcnt=\count306
\Gm@bindingoffset=\dimen161
\Gm@wd@mp=\dimen162
\Gm@odd@mp=\dimen163
\Gm@even@mp=\dimen164
\Gm@layoutwidth=\dimen165
\Gm@layoutheight=\dimen166
\Gm@layouthoffset=\dimen167
\Gm@layoutvoffset=\dimen168
\Gm@dimlist=\toks26

(C:\Users\84845.DESKTOP-6UDUU1B\AppData\Local\Programs\MiKTeX\tex/latex/geometr
y\geometry.cfg))
(C:\Users\84845.DESKTOP-6UDUU1B\AppData\Local\Programs\MiKTeX\tex/latex/listing
s\listings.sty
\lst@mode=\count307
\lst@gtempboxa=\box58
\lst@token=\toks27
\lst@length=\count308
\lst@currlwidth=\dimen169
\lst@column=\count309
\lst@pos=\count310
\lst@lostspace=\dimen170
\lst@width=\dimen171
\lst@newlines=\count311
\lst@lineno=\count312
\lst@maxwidth=\dimen172

(C:\Users\84845.DESKTOP-6UDUU1B\AppData\Local\Programs\MiKTeX\tex/latex/listing
s\lstmisc.sty
File: lstmisc.sty 2023/02/27 1.9 (Carsten Heinz)
\c@lstnumber=\count313
\lst@skipnumbers=\count314
\lst@framebox=\box59
)
(C:\Users\84845.DESKTOP-6UDUU1B\AppData\Local\Programs\MiKTeX\tex/latex/listing
s\listings.cfg
File: listings.cfg 2023/02/27 1.9 listings configuration
))
Package: listings 2023/02/27 1.9 (Carsten Heinz)

(C:\Users\84845.DESKTOP-6UDUU1B\AppData\Local\Programs\MiKTeX\tex/latex/xcolor\
xcolor.sty
Package: xcolor 2023/11/15 v3.01 LaTeX color extensions (UK)

(C:\Users\84845.DESKTOP-6UDUU1B\AppData\Local\Programs\MiKTeX\tex/latex/graphic
s-cfg\color.cfg
File: color.cfg 2016/01/02 v1.6 sample color configuration
)
Package xcolor Info: Driver file: xetex.def on input line 274.

(C:\Users\84845.DESKTOP-6UDUU1B\AppData\Local\Programs\MiKTeX\tex/latex/graphic
s\mathcolor.ltx)
Package xcolor Info: Model `cmy' substituted by `cmy0' on input line 1350.
Package xcolor Info: Model `RGB' extended on input line 1366.
Package xcolor Info: Model `HTML' substituted by `rgb' on input line 1368.
Package xcolor Info: Model `Hsb' substituted by `hsb' on input line 1369.
Package xcolor Info: Model `tHsb' substituted by `hsb' on input line 1370.
Package xcolor Info: Model `HSB' substituted by `hsb' on input line 1371.
Package xcolor Info: Model `Gray' substituted by `gray' on input line 1372.
Package xcolor Info: Model `wave' substituted by `hsb' on input line 1373.
) (real_report.aux)
\openout1 = `real_report.aux'.

LaTeX Font Info:    Checking defaults for OML/cmm/m/it on input line 60.
LaTeX Font Info:    ... okay on input line 60.
LaTeX Font Info:    Checking defaults for OMS/cmsy/m/n on input line 60.
LaTeX Font Info:    ... okay on input line 60.
LaTeX Font Info:    Checking defaults for OT1/cmr/m/n on input line 60.
LaTeX Font Info:    ... okay on input line 60.
LaTeX Font Info:    Checking defaults for T1/cmr/m/n on input line 60.
LaTeX Font Info:    ... okay on input line 60.
LaTeX Font Info:    Checking defaults for TS1/cmr/m/n on input line 60.
LaTeX Font Info:    Trying to load font information for TS1+cmr on input line 6
0.

(C:\Users\84845.DESKTOP-6UDUU1B\AppData\Local\Programs\MiKTeX\tex/latex/base\ts
1cmr.fd
File: ts1cmr.fd 2023/04/13 v2.5m Standard LaTeX font definitions
)
LaTeX Font Info:    ... okay on input line 60.
LaTeX Font Info:    Checking defaults for TU/lmr/m/n on input line 60.
LaTeX Font Info:    ... okay on input line 60.
LaTeX Font Info:    Checking defaults for OMX/cmex/m/n on input line 60.
LaTeX Font Info:    ... okay on input line 60.
LaTeX Font Info:    Checking defaults for U/cmr/m/n on input line 60.
LaTeX Font Info:    ... okay on input line 60.
LaTeX Font Info:    Checking defaults for PD1/pdf/m/n on input line 60.
LaTeX Font Info:    ... okay on input line 60.
LaTeX Font Info:    Checking defaults for PU/pdf/m/n on input line 60.
LaTeX Font Info:    ... okay on input line 60.

Package fontspec Info: Adjusting the maths setup (use [no-math] to avoid
(fontspec)             this).

\symlegacymaths=\mathgroup6
LaTeX Font Info:    Overwriting symbol font `legacymaths' in version `bold'
(Font)                  OT1/cmr/m/n --> OT1/cmr/bx/n on input line 60.
LaTeX Font Info:    Redeclaring math accent \acute on input line 60.
LaTeX Font Info:    Redeclaring math accent \grave on input line 60.
LaTeX Font Info:    Redeclaring math accent \ddot on input line 60.
LaTeX Font Info:    Redeclaring math accent \tilde on input line 60.
LaTeX Font Info:    Redeclaring math accent \bar on input line 60.
LaTeX Font Info:    Redeclaring math accent \breve on input line 60.
LaTeX Font Info:    Redeclaring math accent \check on input line 60.
LaTeX Font Info:    Redeclaring math accent \hat on input line 60.
LaTeX Font Info:    Redeclaring math accent \dot on input line 60.
LaTeX Font Info:    Redeclaring math accent \mathring on input line 60.
LaTeX Font Info:    Redeclaring math symbol \Gamma on input line 60.
LaTeX Font Info:    Redeclaring math symbol \Delta on input line 60.
LaTeX Font Info:    Redeclaring math symbol \Theta on input line 60.
LaTeX Font Info:    Redeclaring math symbol \Lambda on input line 60.
LaTeX Font Info:    Redeclaring math symbol \Xi on input line 60.
LaTeX Font Info:    Redeclaring math symbol \Pi on input line 60.
LaTeX Font Info:    Redeclaring math symbol \Sigma on input line 60.
LaTeX Font Info:    Redeclaring math symbol \Upsilon on input line 60.
LaTeX Font Info:    Redeclaring math symbol \Phi on input line 60.
LaTeX Font Info:    Redeclaring math symbol \Psi on input line 60.
LaTeX Font Info:    Redeclaring math symbol \Omega on input line 60.
LaTeX Font Info:    Redeclaring math symbol \mathdollar on input line 60.
LaTeX Font Info:    Redeclaring symbol font `operators' on input line 60.
LaTeX Font Info:    Encoding `OT1' has changed to `TU' for symbol font
(Font)              `operators' in the math version `normal' on input line 60.
LaTeX Font Info:    Overwriting symbol font `operators' in version `normal'
(Font)                  OT1/cmr/m/n --> TU/TimesNewRoman(0)/m/n on input line 6
0.
LaTeX Font Info:    Encoding `OT1' has changed to `TU' for symbol font
(Font)              `operators' in the math version `bold' on input line 60.
LaTeX Font Info:    Overwriting symbol font `operators' in version `bold'
(Font)                  OT1/cmr/bx/n --> TU/TimesNewRoman(0)/m/n on input line 
60.
LaTeX Font Info:    Overwriting symbol font `operators' in version `normal'
(Font)                  TU/TimesNewRoman(0)/m/n --> TU/TimesNewRoman(0)/m/n on 
input line 60.
LaTeX Font Info:    Overwriting math alphabet `\mathit' in version `normal'
(Font)                  OT1/cmr/m/it --> TU/TimesNewRoman(0)/m/it on input line
 60.
LaTeX Font Info:    Overwriting math alphabet `\mathbf' in version `normal'
(Font)                  OT1/cmr/bx/n --> TU/TimesNewRoman(0)/b/n on input line 
60.
LaTeX Font Info:    Overwriting math alphabet `\mathsf' in version `normal'
(Font)                  OT1/cmss/m/n --> TU/lmss/m/n on input line 60.
LaTeX Font Info:    Overwriting math alphabet `\mathtt' in version `normal'
(Font)                  OT1/cmtt/m/n --> TU/lmtt/m/n on input line 60.
LaTeX Font Info:    Overwriting symbol font `operators' in version `bold'
(Font)                  TU/TimesNewRoman(0)/m/n --> TU/TimesNewRoman(0)/b/n on 
input line 60.
LaTeX Font Info:    Overwriting math alphabet `\mathit' in version `bold'
(Font)                  OT1/cmr/bx/it --> TU/TimesNewRoman(0)/b/it on input lin
e 60.
LaTeX Font Info:    Overwriting math alphabet `\mathsf' in version `bold'
(Font)                  OT1/cmss/bx/n --> TU/lmss/b/n on input line 60.
LaTeX Font Info:    Overwriting math alphabet `\mathtt' in version `bold'
(Font)                  OT1/cmtt/m/n --> TU/lmtt/b/n on input line 60.
Package hyperref Info: Link coloring OFF on input line 60.
 (real_report.out) (real_report.out)
\@outlinefile=\write3
\openout3 = `real_report.out'.


*geometry* driver: auto-detecting
*geometry* detected driver: xetex
*geometry* verbose mode - [ preamble ] result:
* driver: xetex
* paper: a4paper
* layout: <same size as paper>
* layoutoffset:(h,v)=(0.0pt,0.0pt)
* modes: 
* h-part:(L,W,R)=(71.13188pt, 455.24411pt, 71.13188pt)
* v-part:(T,H,B)=(71.13188pt, 702.78308pt, 71.13188pt)
* \paperwidth=597.50787pt
* \paperheight=845.04684pt
* \textwidth=455.24411pt
* \textheight=702.78308pt
* \oddsidemargin=-1.1381pt
* \evensidemargin=-1.1381pt
* \topmargin=-38.1381pt
* \headheight=12.0pt
* \headsep=25.0pt
* \topskip=12.0pt
* \footskip=30.0pt
* \marginparwidth=35.0pt
* \marginparsep=10.0pt
* \columnsep=10.0pt
* \skip\footins=10.8pt plus 4.0pt minus 2.0pt
* \hoffset=0.0pt
* \voffset=0.0pt
* \mag=1000
* \@twocolumnfalse
* \@twosidefalse
* \@mparswitchfalse
* \@reversemarginfalse
* (1in=72.27pt=25.4mm, 1cm=28.453pt)

\c@lstlisting=\count315
LaTeX Font Info:    Trying to load font information for U+msa on input line 63.


(C:\Users\84845.DESKTOP-6UDUU1B\AppData\Local\Programs\MiKTeX\tex/latex/amsfont
s\umsa.fd
File: umsa.fd 2013/01/14 v3.01 AMS symbols A
)
LaTeX Font Info:    Trying to load font information for U+msb on input line 63.


(C:\Users\84845.DESKTOP-6UDUU1B\AppData\Local\Programs\MiKTeX\tex/latex/amsfont
s\umsb.fd
File: umsb.fd 2013/01/14 v3.01 AMS symbols B
) [1

] (real_report.toc [1

])
\tf@toc=\write4
\openout4 = `real_report.toc'.

 [2]
Chương 1.
[3

] [4] [5]
Chương 2.
[6

]
Overfull \hbox (5.81189pt too wide) in paragraph at lines 155--156
\TU/TimesNewRoman(0)/m/n/12 Trong dự án, các ngưỡng này được cấu hình trong fil
e \TU/lmtt/m/n/12 config.py \TU/TimesNewRoman(0)/m/n/12 với giá trị \TU/lmtt/m/
n/12 CANNY_THRESHOLD_1
 []

[7] [8]
Chương 3.
File: images/pipeline.png Graphic file (type bmp)
<images/pipeline.png>

LaTeX Warning: `h' float specifier changed to `ht'.

LaTeX Font Info:    Font shape `TU/lmtt/bx/n' in size <12> not available
(Font)              Font shape `TU/lmtt/b/n' tried instead on input line 234.
[9

]
LaTeX Font Info:    Font shape `TU/lmtt/bx/n' in size <14.4> not available
(Font)              Font shape `TU/lmtt/b/n' tried instead on input line 288.

(C:\Users\84845.DESKTOP-6UDUU1B\AppData\Local\Programs\MiKTeX\tex/latex/listing
s\lstlang1.sty
File: lstlang1.sty 2023/02/27 1.9 listings language file
)
Package hyperref Info: bookmark level for unknown lstlisting defaults to 0 on i
nput line 291.
 [10] [11] [12]
Chương 4.
[13

] [14] [15] [16]
Chương 5.
File: images/input_sample.jpg Graphic file (type bmp)
<images/input_sample.jpg>
File: images/warped_sample.jpg Graphic file (type bmp)
<images/warped_sample.jpg>

LaTeX Warning: `h' float specifier changed to `ht'.

[17

]
File: images/detailed_report.png Graphic file (type bmp)
<images/detailed_report.png>
 [18]
File: images/detailed_report.png Graphic file (type bmp)
<images/detailed_report.png>
 [19] [20] [21]
Chương 6.
[22

] [23]
Underfull \hbox (badness 4120) in paragraph at lines 647--648
[]\TU/TimesNewRoman(0)/m/n/12 ReportLab Inc. (2024). \TU/TimesNewRoman(0)/m/it/
12 ReportLab PDF Generation User Guide\TU/TimesNewRoman(0)/m/n/12 . []$[][][][]
[] [] [] [] [][][] []
 []

[24

] (real_report.aux)
 ***********
LaTeX2e <2023-11-01> patch level 1
L3 programming layer <2024-01-04>
 ***********
Package rerunfilecheck Info: File `real_report.out' has not changed.
(rerunfilecheck)             Checksum: 9677F082B2E9F87D66768691AAD6BEBC;15776.
 ) 
Here is how much of TeX's memory you used:
 15864 strings out of 409617
 294287 string characters out of 5770765
 2141191 words of memory out of 5000000
 37759 multiletter control sequences out of 15000+600000
 565921 words of font info for 97 fonts, out of 8000000 for 9000
 1348 hyphenation exceptions out of 8191
 79i,8n,93p,483b,1946s stack positions out of 10000i,1000n,20000p,200000b,200000s

Output written on real_report.pdf (25 pages).
