\BOOKMARK [1][-]{section.1}{\376\377\000G\000i\036\333\000i\000\040\000t\000h\000i\036\307\000u\000\040\000c\000h\000u\000n\000g}{}% 1
\BOOKMARK [2][-]{subsection.1.1}{\376\377\000C\000\341\000c\000\040\000t\000\355\000n\000h\000\040\000n\001\003\000n\000g\000\040\000c\000h\000\355\000n\000h}{section.1}% 2
\BOOKMARK [2][-]{subsection.1.2}{\376\377\000C\000\341\000c\000\040\000c\000\364\000n\000g\000\040\000n\000g\000h\036\307\000\040\000s\036\355\000\040\000d\036\345\000n\000g}{section.1}% 3
\BOOKMARK [1][-]{section.2}{\376\377\000C\036\245\000u\000\040\000t\000r\000\372\000c\000\040\000d\036\361\000\040\000\341\000n}{}% 4
\BOOKMARK [1][-]{section.3}{\376\377\000C\036\245\000u\000\040\000t\000r\000\372\000c\000\040\000m\000\364\000\040\000h\000\354\000n\000h\000\040\000v\000\340\000\040\000T\000h\000u\036\255\000t\000\040\000t\000o\000\341\000n}{}% 5
\BOOKMARK [2][-]{subsection.3.1}{\376\377\000M\000\364\000\040\000h\000\354\000n\000h\000\040\000O\000M\000R\000:\000\040\000T\000h\000u\036\255\000t\000\040\000t\000o\000\341\000n\000\040\000x\036\355\000\040\000l\000\375\000\040\036\243\000n\000h\000\040\000k\000i\000n\000h\000\040\001\021\000i\036\303\000n}{section.3}% 6
\BOOKMARK [2][-]{subsection.3.2}{\376\377\000M\000\364\000\040\000h\000\354\000n\000h\000\040\000O\000C\000R\000:\000\040\000M\036\241\000n\000g\000\040\000n\001\241\000-\000r\000o\000n\000\040\000t\000\355\000c\000h\000\040\000c\000h\036\255\000p\000\040\000v\000\340\000\040\000L\000S\000T\000M}{section.3}% 7
\BOOKMARK [1][-]{section.4}{\376\377\000C\000\340\000i\000\040\001\021\036\267\000t\000\040\000v\000\340\000\040\000H\001\260\036\333\000n\000g\000\040\000d\036\253\000n\000\040\000s\036\355\000\040\000d\036\345\000n\000g}{}% 8
\BOOKMARK [2][-]{subsection.4.1}{\376\377\000Y\000\352\000u\000\040\000c\036\247\000u\000\040\000v\036\301\000\040\000m\000\364\000i\000\040\000t\000r\001\260\036\335\000n\000g}{section.4}% 9
\BOOKMARK [2][-]{subsection.4.2}{\376\377\000C\000\340\000i\000\040\001\021\036\267\000t\000\040\000c\000\341\000c\000\040\000t\000h\001\260\000\040\000v\000i\036\307\000n\000\040\000P\000y\000t\000h\000o\000n}{section.4}% 10
\BOOKMARK [2][-]{subsection.4.3}{\376\377\000C\036\245\000u\000\040\000h\000\354\000n\000h\000\040\000h\036\307\000\040\000t\000h\036\321\000n\000g}{section.4}% 11
\BOOKMARK [2][-]{subsection.4.4}{\376\377\000H\001\260\036\333\000n\000g\000\040\000d\036\253\000n\000\040\000v\036\255\000n\000\040\000h\000\340\000n\000h}{section.4}% 12
\BOOKMARK [1][-]{section.5}{\376\377\000K\036\277\000t\000\040\000q\000u\036\243\000\040\000t\000h\036\361\000c\000\040\000n\000g\000h\000i\036\307\000m\000\040\000v\000\340\000\040\000P\000h\000\342\000n\000\040\000t\000\355\000c\000h}{}% 13
\BOOKMARK [2][-]{subsection.5.1}{\376\377\000T\036\255\000p\000\040\000d\036\357\000\040\000l\000i\036\307\000u\000\040\000\050\000D\000a\000t\000a\000s\000e\000t\000\051}{section.5}% 14
\BOOKMARK [2][-]{subsection.5.2}{\376\377\000K\036\277\000t\000\040\000q\000u\036\243\000\040\000s\036\321\000\040\000l\000i\036\307\000u\000\040\000v\000\340\000\040\000P\000h\000\342\000n\000\040\000t\000\355\000c\000h}{section.5}% 15
\BOOKMARK [3][-]{subsubsection.5.2.1}{\376\377\000K\036\277\000t\000\040\000q\000u\036\243\000\040\000c\000h\036\245\000m\000\040\001\021\000i\036\303\000m\000\040\000O\000M\000R}{subsection.5.2}% 16
\BOOKMARK [3][-]{subsubsection.5.2.2}{\376\377\000K\036\277\000t\000\040\000q\000u\036\243\000\040\000n\000h\036\255\000n\000\040\000d\036\241\000n\000g\000\040\000O\000C\000R}{subsection.5.2}% 17
\BOOKMARK [2][-]{subsection.5.3}{\376\377\001\020\000\341\000n\000h\000\040\000g\000i\000\341\000\040\000c\000h\000u\000n\000g}{section.5}% 18
\BOOKMARK [1][-]{section.6}{\376\377\000K\036\277\000t\000\040\000l\000u\036\255\000n\000\040\000v\000\340\000\040\000H\001\260\036\333\000n\000g\000\040\000p\000h\000\341\000t\000\040\000t\000r\000i\036\303\000n}{}% 19
\BOOKMARK [2][-]{subsection.6.1}{\376\377\000K\036\277\000t\000\040\000l\000u\036\255\000n}{section.6}% 20
\BOOKMARK [2][-]{subsection.6.2}{\376\377\000H\036\241\000n\000\040\000c\000h\036\277\000\040\000c\036\347\000a\000\040\000h\036\307\000\040\000t\000h\036\321\000n\000g}{section.6}% 21
\BOOKMARK [2][-]{subsection.6.3}{\376\377\000H\001\260\036\333\000n\000g\000\040\000p\000h\000\341\000t\000\040\000t\000r\000i\036\303\000n}{section.6}% 22
